<?xml version="1.0" encoding="UTF-8"?>
<testsuites name="BookAppointment" time="81.901" tests="2" failures="0" errors="0">
   <testsuite name="BookAppointment" tests="2" failures="0" errors="0" time="81.901" skipped="0" timestamp="2023-09-25 12:52:26" hostname="NabilZiani - 192.168.1.24" id="Test Suites/BookAppointment">
      <properties>
[...]
</properties>
      <testcase name="Test Cases/Login" time="64.609" classname="Test Cases/Login" status="PASSED">
         <system-out><![CDATA[2023-09-25 12:52:26 - [TEST_CASE][PASSED] - Test Cases/Login: Test Cases/Login

2023-09-25 12:52:26 - [TEST_STEP][PASSED] - openBrowser(""): Browser is opened with url: ''

2023-09-25 12:52:27 - [MESSAGE][INFO] - User set preference: ['os', 'windows']

2023-09-25 12:52:27 - [MESSAGE][INFO] - User set preference: ['browserName', 'chrome']

2023-09-25 12:52:27 - [MESSAGE][INFO] - User set preference: ['browserVersion', '116']

2023-09-25 12:52:27 - [MESSAGE][INFO] - User set preference: ['katalon:option', '{organizationId=1202953, tunnelId=, usingTunnel=false}']

2023-09-25 12:52:27 - [MESSAGE][INFO] - Connecting to remote web server 'testcloud.katalon.com/hub' with type 'Selenium'

2023-09-25 12:52:27 - [MESSAGE][INFO] - Action delay is set to 0 milliseconds

2023-09-25 12:53:21 - [MESSAGE][PASSED] - Browser is opened with url: ''

2023-09-25 12:53:21 - [TEST_STEP][PASSED] - navigateToUrl("https://katalon-demo-cura.herokuapp.com/"): Navigate to 'https://katalon-demo-cura.herokuapp.com/' successfully

2023-09-25 12:53:22 - [MESSAGE][PASSED] - Navigate to 'https://katalon-demo-cura.herokuapp.com/' successfully

2023-09-25 12:53:22 - [TEST_STEP][PASSED] - click(findTestObject("Object Repository/Page_CURA Healthcare Service/a_Make Appointment")): Object: 'Object Repository/Page_CURA Healthcare Service/a_Make Appointment' is clicked on

2023-09-25 12:53:24 - [MESSAGE][PASSED] - Object: 'Object Repository/Page_CURA Healthcare Service/a_Make Appointment' is clicked on

2023-09-25 12:53:24 - [TEST_STEP][PASSED] - setText(findTestObject("Object Repository/Page_CURA Healthcare Service/input_Username_username"), "John Doe"): Text 'John Doe' is set on object 'Object Repository/Page_CURA Healthcare Service/input_Username_username'

2023-09-25 12:53:27 - [MESSAGE][PASSED] - Text 'John Doe' is set on object 'Object Repository/Page_CURA Healthcare Service/input_Username_username'

2023-09-25 12:53:27 - [TEST_STEP][PASSED] - setEncryptedText(findTestObject("Object Repository/Page_CURA Healthcare Service/input_Password_password"), "g3/DOGG74jC3Flrr3yH+3D/yKbOqqUNM"): Text ****** has been set on object 'Object Repository/Page_CURA Healthcare Service/input_Password_password'

2023-09-25 12:53:29 - [MESSAGE][PASSED] - Text ****** has been set on object 'Object Repository/Page_CURA Healthcare Service/input_Password_password'

2023-09-25 12:53:29 - [TEST_STEP][PASSED] - click(findTestObject("Object Repository/Page_CURA Healthcare Service/button_Login")): Object: 'Object Repository/Page_CURA Healthcare Service/button_Login' is clicked on

2023-09-25 12:53:31 - [MESSAGE][PASSED] - Object: 'Object Repository/Page_CURA Healthcare Service/button_Login' is clicked on]]></system-out>
         <system-err><![CDATA[]]></system-err>
      </testcase>
      <testcase name="Test Cases/BookAnAppointment" time="17.121" classname="Test Cases/BookAnAppointment" status="PASSED">
         <system-out><![CDATA[2023-09-25 12:53:31 - [TEST_CASE][PASSED] - Test Cases/BookAnAppointment: Test Cases/BookAnAppointment

2023-09-25 12:53:31 - [TEST_STEP][PASSED] - selectOptionByValue(findTestObject("Object Repository/Page_CURA Healthcare Service/select_Tokyo CURA Healthcare Center        _5b4107"), "Hongkong CURA Healthcare Center", true): All options with value 'Hongkong CURA Healthcare Center' are selected in object 'Object Repository/Page_CURA Healthcare Service/select_Tokyo CURA Healthcare Center        _5b4107'  using regular expression

2023-09-25 12:53:37 - [MESSAGE][PASSED] - All options with value 'Hongkong CURA Healthcare Center' are selected in object 'Object Repository/Page_CURA Healthcare Service/select_Tokyo CURA Healthcare Center        _5b4107'  using regular expression

2023-09-25 12:53:37 - [TEST_STEP][PASSED] - click(findTestObject("Object Repository/Page_CURA Healthcare Service/input_Apply for hospital readmission_hospit_63901f")): Object: 'Object Repository/Page_CURA Healthcare Service/input_Apply for hospital readmission_hospit_63901f' is clicked on

2023-09-25 12:53:39 - [MESSAGE][PASSED] - Object: 'Object Repository/Page_CURA Healthcare Service/input_Apply for hospital readmission_hospit_63901f' is clicked on

2023-09-25 12:53:39 - [TEST_STEP][PASSED] - click(findTestObject("Object Repository/Page_CURA Healthcare Service/input_Medicaid_programs")): Object: 'Object Repository/Page_CURA Healthcare Service/input_Medicaid_programs' is clicked on

2023-09-25 12:53:41 - [MESSAGE][PASSED] - Object: 'Object Repository/Page_CURA Healthcare Service/input_Medicaid_programs' is clicked on

2023-09-25 12:53:41 - [TEST_STEP][PASSED] - click(findTestObject("Object Repository/Page_CURA Healthcare Service/input_Visit Date (Required)_visit_date")): Object: 'Object Repository/Page_CURA Healthcare Service/input_Visit Date (Required)_visit_date' is clicked on

2023-09-25 12:53:42 - [MESSAGE][PASSED] - Object: 'Object Repository/Page_CURA Healthcare Service/input_Visit Date (Required)_visit_date' is clicked on

2023-09-25 12:53:42 - [TEST_STEP][PASSED] - click(findTestObject("Object Repository/Page_CURA Healthcare Service/td_19")): Object: 'Object Repository/Page_CURA Healthcare Service/td_19' is clicked on

2023-09-25 12:53:43 - [MESSAGE][PASSED] - Object: 'Object Repository/Page_CURA Healthcare Service/td_19' is clicked on

2023-09-25 12:53:44 - [TEST_STEP][PASSED] - setText(findTestObject("Object Repository/Page_CURA Healthcare Service/textarea_Comment_comment"), "This is an automated test."): Text 'This is an automated test.' is set on object 'Object Repository/Page_CURA Healthcare Service/textarea_Comment_comment'

2023-09-25 12:53:46 - [MESSAGE][PASSED] - Text 'This is an automated test.' is set on object 'Object Repository/Page_CURA Healthcare Service/textarea_Comment_comment'

2023-09-25 12:53:46 - [TEST_STEP][PASSED] - click(findTestObject("Object Repository/Page_CURA Healthcare Service/button_Book Appointment")): Object: 'Object Repository/Page_CURA Healthcare Service/button_Book Appointment' is clicked on

2023-09-25 12:53:48 - [MESSAGE][PASSED] - Object: 'Object Repository/Page_CURA Healthcare Service/button_Book Appointment' is clicked on

2023-09-25 12:53:48 - [TEST_STEP][PASSED] - example.MyKeywords.Congrats("Nabil"): example.MyKeywords.Congrats is PASSED

2023-09-25 12:53:48 - [MESSAGE][PASSED] - example.MyKeywords.Congrats is PASSED]]></system-out>
         <system-err><![CDATA[]]></system-err>
      </testcase>
      <system-out><![CDATA[2023-09-25 12:52:26 - [TEST_SUITE][PASSED] - BookAppointment: Test Cases/BookAnAppointment]]></system-out>
      <system-err><![CDATA[]]></system-err>
   </testsuite>
</testsuites>
